// 同步 ID: 29dc0495 @ Thu Jul  2 00:43:23 UTC 2026
// 同步 ID: 215583fd @ Sun Jul  5 17:47:36 UTC 2026
// 重构日志: f7724e93
// 重构日志: f960c88e
// 同步 ID: 018631c4 @ Sat Jul 11 11:17:44 UTC 2026
// 重构日志: 789cc3ea
// 同步 ID: 14286c93 @ Sat Jul 11 15:55:30 UTC 2026
// 重构日志: 70cfc2d7
// 重构日志: 0831f872
// 同步 ID: 4c6bb476 @ Sun Jul 12 11:20:21 UTC 2026
// 同步 ID: 9c8ab15a @ Sun Jul 12 15:30:07 UTC 2026
// 重构日志: ad4e50d3
// 重构日志: f1ea8872
// 重构日志: e3bff96b
// 重构日志: 46c31654
// 同步 ID: 1e5af142 @ Tue Jul 14 03:51:49 UTC 2026
// 同步 ID: 0f2a6ead @ Tue Jul 14 06:33:19 UTC 2026
// 重构日志: 43a966dc
// 重构日志: 1e2e1c47
// 重构日志: 6d96ff93
// 重构日志: c1705d59
// 重构日志: d7561309
// 同步 ID: 458ab72a @ Wed Jul 15 16:52:59 UTC 2026
// 同步 ID: b4d973f0 @ Thu Jul 16 04:21:23 UTC 2026
// 重构日志: 697b4699
// 重构日志: 4bff2e87
// 同步 ID: b690d786 @ Fri Jul 17 15:55:38 UTC 2026
// 重构日志: ed5ca9ef
// 重构日志: e486aeda
// 同步 ID: a57eb67a @ Sat Jul 18 03:47:51 UTC 2026
